This is pdfTeX, Version 3.14159265-2.6-1.40.15 (TeX Live 2014) (preloaded format=pdflatex 2014.5.25)  6 SEP 2020 14:11
entering extended mode
 \write18 enabled.
 %&-line parsing enabled.
**covidplateaus
(./covidplateaus.tex
LaTeX2e <2014/05/01>
Babel <3.9k> and hyphenation patterns for 78 languages loaded.
(/usr/local/texlive/2010/texmf-dist/tex/latex/revtex4/revtex4.cls
Document Class: revtex4 2001/08/02 v4.0 (http://publish.aps.org/revtex4/ for do
cumentation)
 Copyright (c) 2001 The American Physical Society.
 mailto:revtex@aps.org
 Licensed under the LPPL:
http://www.ctan.org/tex-archive/macros/latex/base/lppl.txt
 Arthur Ogawa <ogawa@teleport.com>
 Based on work by David Carlisle <david@dcarlisle.demon.co.uk>.
ltxutil: portions licensed from W. E. Baxter (web@superscript.com)
Class revtex4 Info: Repairing broken LateX \@sect on input line 596.
\intertabularlinepenalty=\count79
\@tbpen=\count80
\@arstrutbox@hline=\box26
Class revtex4 Info: Repairing broken LaTeX \@xbitor on input line 1610.
ltxgrid: portions licensed from W. E. Baxter (web@superscript.com)
\c@linecount=\count81
\output=\toks14
\@protection@box=\box27
\@topmark@saved=\toks15
\footins@saved=\box28
\pagesofar=\box29
\footbox=\box30
\pagegrid@col=\count82
Class revtex4 Info: Incorporating package {textcase}  [1998/11/12 v0.06 Text on
ly upper/lower case changing (DPC)]. on input line 3682.
(/usr/local/texlive/2010/texmf-dist/tex/latex/url/url.sty
\Urlmuskip=\muskip10
Package: url 2006/04/12  ver 3.3  Verb mode for urls, etc.
)
\c@affil=\count83
\absbox=\box31
\c@part=\count84
\c@section=\count85
\c@subsection=\count86
\c@subsubsection=\count87
\c@paragraph=\count88
\c@subparagraph=\count89
\abovecaptionskip=\skip41
\belowcaptionskip=\skip42
\c@figure=\count90
\c@table=\count91

(/usr/local/texlive/2010/texmf-dist/tex/latex/natbib/natbib.sty
Package: natbib 2010/09/13 8.31b (PWD, AO)
\bibhang=\skip43
\bibsep=\skip44
LaTeX Info: Redefining \cite on input line 694.
\c@NAT@ctr=\count92

Local config file natbib.cfg used
(/usr/local/texlive/2010/texmf-dist/doc/latex/din1505/natbib.cfg))
\widetext@top=\box32
\widetext@bot=\box33

(/usr/local/texlive/2010/texmf-dist/tex/latex/revtex4/revsymb.sty
Package: revsymb 2001/08/02 v4.0 (http://publish.aps.org/revtex4/ for documenta
tion)
LaTeX Info: Redefining \REV@mathfrak on input line 118.
))
(/usr/local/texlive/2010/texmf-dist/tex/latex/revtex4/aps.rtx
File: aps.rtx 2001/08/02 v4.0 (http://publish.aps.org/revtex4/ for documentatio
n)
)
(/usr/local/texlive/2010/texmf-dist/tex/latex/revtex4/10pt.rtx
File: 10pt.rtx 2001/08/02 v4.0 (http://publish.aps.org/revtex4/ for documentati
on)
)
(./covidplateaus.settings.tex
(/usr/local/texlive/2010/texmf-dist/tex/latex/amsmath/amsmath.sty
Package: amsmath 2000/07/18 v2.13 AMS math features
\@mathmargin=\skip45

For additional information on amsmath, use the `?' option.
(/usr/local/texlive/2010/texmf-dist/tex/latex/amsmath/amstext.sty
Package: amstext 2000/06/29 v2.01

(/usr/local/texlive/2010/texmf-dist/tex/latex/amsmath/amsgen.sty
File: amsgen.sty 1999/11/30 v2.0
\@emptytoks=\toks16
\ex@=\dimen102
))
(/usr/local/texlive/2010/texmf-dist/tex/latex/amsmath/amsbsy.sty
Package: amsbsy 1999/11/29 v1.2d
\pmbraise@=\dimen103
)
(/usr/local/texlive/2010/texmf-dist/tex/latex/amsmath/amsopn.sty
Package: amsopn 1999/12/14 v2.01 operator names
)
\inf@bad=\count93
LaTeX Info: Redefining \frac on input line 211.
\uproot@=\count94
\leftroot@=\count95
LaTeX Info: Redefining \overline on input line 307.
\classnum@=\count96
\DOTSCASE@=\count97
LaTeX Info: Redefining \ldots on input line 379.
LaTeX Info: Redefining \dots on input line 382.
LaTeX Info: Redefining \cdots on input line 467.
\Mathstrutbox@=\box34
\strutbox@=\box35
\big@size=\dimen104
LaTeX Font Info:    Redeclaring font encoding OML on input line 567.
LaTeX Font Info:    Redeclaring font encoding OMS on input line 568.
\macc@depth=\count98
\c@MaxMatrixCols=\count99
\dotsspace@=\muskip11
\c@parentequation=\count100
\dspbrk@lvl=\count101
\tag@help=\toks17
\row@=\count102
\column@=\count103
\maxfields@=\count104
\andhelp@=\toks18
\eqnshift@=\dimen105
\alignsep@=\dimen106
\tagshift@=\dimen107
\tagwidth@=\dimen108
\totwidth@=\dimen109
\lineht@=\dimen110
\@envbody=\toks19
\multlinegap=\skip46
\multlinetaggap=\skip47
\mathdisplay@stack=\toks20
LaTeX Info: Redefining \[ on input line 2666.
LaTeX Info: Redefining \] on input line 2667.
)
(/usr/local/texlive/2010/texmf-dist/tex/latex/graphics/epsfig.sty
Package: epsfig 1999/02/16 v1.7a (e)psfig emulation (SPQR)

(/usr/local/texlive/2010/texmf-dist/tex/latex/graphics/graphicx.sty
Package: graphicx 1999/02/16 v1.0f Enhanced LaTeX Graphics (DPC,SPQR)

(/usr/local/texlive/2010/texmf-dist/tex/latex/graphics/keyval.sty
Package: keyval 1999/03/16 v1.13 key=value parser (DPC)
\KV@toks@=\toks21
)
(/usr/local/texlive/2010/texmf-dist/tex/latex/graphics/graphics.sty
Package: graphics 2009/02/05 v1.0o Standard LaTeX Graphics (DPC,SPQR)

(/usr/local/texlive/2010/texmf-dist/tex/latex/graphics/trig.sty
Package: trig 1999/03/16 v1.09 sin cos tan (DPC)
)
(/usr/local/texlive/2010/texmf-dist/tex/latex/latexconfig/graphics.cfg
File: graphics.cfg 2010/04/23 v1.9 graphics configuration of TeX Live
)
Package graphics Info: Driver file: pdftex.def on input line 91.

(/usr/local/texlive/2010/texmf-dist/tex/latex/pdftex-def/pdftex.def
File: pdftex.def 2011/05/18 v0.06c Graphics/color for pdfTeX

(/usr/local/texlive/2010/texmf-dist/tex/generic/oberdiek/infwarerr.sty
Package: infwarerr 2010/04/08 v1.3 Providing info/warning/message (HO)
)
(/usr/local/texlive/2010/texmf-dist/tex/generic/oberdiek/ltxcmds.sty
Package: ltxcmds 2011/04/18 v1.20 LaTeX kernel commands for general use (HO)
)
\Gread@gobject=\count105
))
\Gin@req@height=\dimen111
\Gin@req@width=\dimen112
)
\epsfxsize=\dimen113
\epsfysize=\dimen114
)
(/usr/local/texlive/2010/texmf-dist/tex/latex/tools/enumerate.sty
Package: enumerate 1999/03/05 v3.00 enumerate extensions (DPC)
\@enLab=\toks22
)
(/usr/local/texlive/2010/texmf-dist/tex/latex/tools/verbatim.sty
Package: verbatim 2003/08/22 v1.5q LaTeX2e package for verbatim enhancements
\every@verbatim=\toks23
\verbatim@line=\toks24
\verbatim@in@stream=\read1
)
(/usr/local/texlive/2010/texmf-dist/tex/latex/base/ifthen.sty
Package: ifthen 2001/05/26 v1.1c Standard LaTeX ifthen package (DPC)
)
(/Library/TeX/Root/texmf-dist/tex/latex/tcolorbox/tcolorbox.sty
Package: tcolorbox 2014/05/18 version 3.04 text color boxes

(/usr/local/texlive/2010/texmf-dist/tex/latex/pgf/basiclayer/pgf.sty
(/usr/local/texlive/2010/texmf-dist/tex/latex/pgf/utilities/pgfrcs.sty
(/usr/local/texlive/2010/texmf-dist/tex/generic/pgf/utilities/pgfutil-common.te
x
\pgfutil@everybye=\toks25
)
(/usr/local/texlive/2010/texmf-dist/tex/generic/pgf/utilities/pgfutil-latex.def
\pgfutil@abb=\box36
(/usr/local/texlive/2010/texmf-dist/tex/latex/ms/everyshi.sty
Package: everyshi 2001/05/15 v3.00 EveryShipout Package (MS)
))
(/usr/local/texlive/2010/texmf-dist/tex/generic/pgf/utilities/pgfrcs.code.tex
Package: pgfrcs 2010/10/25 v2.10 (rcs-revision 1.24)
))
Package: pgf 2008/01/15 v2.10 (rcs-revision 1.12)
(/usr/local/texlive/2010/texmf-dist/tex/latex/pgf/basiclayer/pgfcore.sty
(/usr/local/texlive/2010/texmf-dist/tex/latex/pgf/systemlayer/pgfsys.sty
(/usr/local/texlive/2010/texmf-dist/tex/generic/pgf/systemlayer/pgfsys.code.tex
Package: pgfsys 2010/06/30 v2.10 (rcs-revision 1.37)
(/usr/local/texlive/2010/texmf-dist/tex/generic/pgf/utilities/pgfkeys.code.tex
\pgfkeys@pathtoks=\toks26
\pgfkeys@temptoks=\toks27

(/usr/local/texlive/2010/texmf-dist/tex/generic/pgf/utilities/pgfkeysfiltered.c
ode.tex
\pgfkeys@tmptoks=\toks28
))
\pgf@x=\dimen115
\pgf@y=\dimen116
\pgf@xa=\dimen117
\pgf@ya=\dimen118
\pgf@xb=\dimen119
\pgf@yb=\dimen120
\pgf@xc=\dimen121
\pgf@yc=\dimen122
\w@pgf@writea=\write3
\r@pgf@reada=\read2
\c@pgf@counta=\count106
\c@pgf@countb=\count107
\c@pgf@countc=\count108
\c@pgf@countd=\count109

(/usr/local/texlive/2010/texmf-dist/tex/generic/pgf/systemlayer/pgf.cfg
File: pgf.cfg 2008/05/14  (rcs-revision 1.7)
)
Package pgfsys Info: Driver file for pgf: pgfsys-pdftex.def on input line 900.

(/usr/local/texlive/2010/texmf-dist/tex/generic/pgf/systemlayer/pgfsys-pdftex.d
ef
File: pgfsys-pdftex.def 2009/05/22  (rcs-revision 1.26)

(/usr/local/texlive/2010/texmf-dist/tex/generic/pgf/systemlayer/pgfsys-common-p
df.def
File: pgfsys-common-pdf.def 2008/05/19  (rcs-revision 1.10)
)))
(/usr/local/texlive/2010/texmf-dist/tex/generic/pgf/systemlayer/pgfsyssoftpath.
code.tex
File: pgfsyssoftpath.code.tex 2008/07/18  (rcs-revision 1.7)
\pgfsyssoftpath@smallbuffer@items=\count110
\pgfsyssoftpath@bigbuffer@items=\count111
)
(/usr/local/texlive/2010/texmf-dist/tex/generic/pgf/systemlayer/pgfsysprotocol.
code.tex
File: pgfsysprotocol.code.tex 2006/10/16  (rcs-revision 1.4)
)) (/usr/local/texlive/2010/texmf-dist/tex/latex/xcolor/xcolor.sty
Package: xcolor 2007/01/21 v2.11 LaTeX color extensions (UK)

(/usr/local/texlive/2010/texmf-dist/tex/latex/latexconfig/color.cfg
File: color.cfg 2007/01/18 v1.5 color configuration of teTeX/TeXLive
)
Package xcolor Info: Driver file: pdftex.def on input line 225.
Package xcolor Info: Model `cmy' substituted by `cmy0' on input line 1337.
Package xcolor Info: Model `hsb' substituted by `rgb' on input line 1341.
Package xcolor Info: Model `RGB' extended on input line 1353.
Package xcolor Info: Model `HTML' substituted by `rgb' on input line 1355.
Package xcolor Info: Model `Hsb' substituted by `hsb' on input line 1356.
Package xcolor Info: Model `tHsb' substituted by `hsb' on input line 1357.
Package xcolor Info: Model `HSB' substituted by `hsb' on input line 1358.
Package xcolor Info: Model `Gray' substituted by `gray' on input line 1359.
Package xcolor Info: Model `wave' substituted by `hsb' on input line 1360.
)
(/usr/local/texlive/2010/texmf-dist/tex/generic/pgf/basiclayer/pgfcore.code.tex
Package: pgfcore 2010/04/11 v2.10 (rcs-revision 1.7)
(/usr/local/texlive/2010/texmf-dist/tex/generic/pgf/math/pgfmath.code.tex
(/usr/local/texlive/2010/texmf-dist/tex/generic/pgf/math/pgfmathcalc.code.tex
(/usr/local/texlive/2010/texmf-dist/tex/generic/pgf/math/pgfmathutil.code.tex)
(/usr/local/texlive/2010/texmf-dist/tex/generic/pgf/math/pgfmathparser.code.tex
\pgfmath@dimen=\dimen123
\pgfmath@count=\count112
\pgfmath@box=\box37
\pgfmath@toks=\toks29
\pgfmath@stack@operand=\toks30
\pgfmath@stack@operation=\toks31
)
(/usr/local/texlive/2010/texmf-dist/tex/generic/pgf/math/pgfmathfunctions.code.
tex
(/usr/local/texlive/2010/texmf-dist/tex/generic/pgf/math/pgfmathfunctions.basic
.code.tex)
(/usr/local/texlive/2010/texmf-dist/tex/generic/pgf/math/pgfmathfunctions.trigo
nometric.code.tex)
(/usr/local/texlive/2010/texmf-dist/tex/generic/pgf/math/pgfmathfunctions.rando
m.code.tex)
(/usr/local/texlive/2010/texmf-dist/tex/generic/pgf/math/pgfmathfunctions.compa
rison.code.tex)
(/usr/local/texlive/2010/texmf-dist/tex/generic/pgf/math/pgfmathfunctions.base.
code.tex)
(/usr/local/texlive/2010/texmf-dist/tex/generic/pgf/math/pgfmathfunctions.round
.code.tex)
(/usr/local/texlive/2010/texmf-dist/tex/generic/pgf/math/pgfmathfunctions.misc.
code.tex)))
(/usr/local/texlive/2010/texmf-dist/tex/generic/pgf/math/pgfmathfloat.code.tex
\c@pgfmathroundto@lastzeros=\count113
))
(/usr/local/texlive/2010/texmf-dist/tex/generic/pgf/basiclayer/pgfcorepoints.co
de.tex
File: pgfcorepoints.code.tex 2010/04/09  (rcs-revision 1.20)
\pgf@picminx=\dimen124
\pgf@picmaxx=\dimen125
\pgf@picminy=\dimen126
\pgf@picmaxy=\dimen127
\pgf@pathminx=\dimen128
\pgf@pathmaxx=\dimen129
\pgf@pathminy=\dimen130
\pgf@pathmaxy=\dimen131
\pgf@xx=\dimen132
\pgf@xy=\dimen133
\pgf@yx=\dimen134
\pgf@yy=\dimen135
\pgf@zx=\dimen136
\pgf@zy=\dimen137
)
(/usr/local/texlive/2010/texmf-dist/tex/generic/pgf/basiclayer/pgfcorepathconst
ruct.code.tex
File: pgfcorepathconstruct.code.tex 2010/08/03  (rcs-revision 1.24)
\pgf@path@lastx=\dimen138
\pgf@path@lasty=\dimen139
)
(/usr/local/texlive/2010/texmf-dist/tex/generic/pgf/basiclayer/pgfcorepathusage
.code.tex
File: pgfcorepathusage.code.tex 2008/04/22  (rcs-revision 1.12)
\pgf@shorten@end@additional=\dimen140
\pgf@shorten@start@additional=\dimen141
)
(/usr/local/texlive/2010/texmf-dist/tex/generic/pgf/basiclayer/pgfcorescopes.co
de.tex
File: pgfcorescopes.code.tex 2010/09/08  (rcs-revision 1.34)
\pgfpic=\box38
\pgf@hbox=\box39
\pgf@layerbox@main=\box40
\pgf@picture@serial@count=\count114
)
(/usr/local/texlive/2010/texmf-dist/tex/generic/pgf/basiclayer/pgfcoregraphicst
ate.code.tex
File: pgfcoregraphicstate.code.tex 2008/04/22  (rcs-revision 1.9)
\pgflinewidth=\dimen142
)
(/usr/local/texlive/2010/texmf-dist/tex/generic/pgf/basiclayer/pgfcoretransform
ations.code.tex
File: pgfcoretransformations.code.tex 2009/06/10  (rcs-revision 1.11)
\pgf@pt@x=\dimen143
\pgf@pt@y=\dimen144
\pgf@pt@temp=\dimen145
)
(/usr/local/texlive/2010/texmf-dist/tex/generic/pgf/basiclayer/pgfcorequick.cod
e.tex
File: pgfcorequick.code.tex 2008/10/09  (rcs-revision 1.3)
)
(/usr/local/texlive/2010/texmf-dist/tex/generic/pgf/basiclayer/pgfcoreobjects.c
ode.tex
File: pgfcoreobjects.code.tex 2006/10/11  (rcs-revision 1.2)
)
(/usr/local/texlive/2010/texmf-dist/tex/generic/pgf/basiclayer/pgfcorepathproce
ssing.code.tex
File: pgfcorepathprocessing.code.tex 2008/10/09  (rcs-revision 1.8)
)
(/usr/local/texlive/2010/texmf-dist/tex/generic/pgf/basiclayer/pgfcorearrows.co
de.tex
File: pgfcorearrows.code.tex 2008/04/23  (rcs-revision 1.11)
)
(/usr/local/texlive/2010/texmf-dist/tex/generic/pgf/basiclayer/pgfcoreshade.cod
e.tex
File: pgfcoreshade.code.tex 2008/11/23  (rcs-revision 1.13)
\pgf@max=\dimen146
\pgf@sys@shading@range@num=\count115
)
(/usr/local/texlive/2010/texmf-dist/tex/generic/pgf/basiclayer/pgfcoreimage.cod
e.tex
File: pgfcoreimage.code.tex 2010/03/25  (rcs-revision 1.16)

(/usr/local/texlive/2010/texmf-dist/tex/generic/pgf/basiclayer/pgfcoreexternal.
code.tex
File: pgfcoreexternal.code.tex 2010/09/01  (rcs-revision 1.17)
\pgfexternal@startupbox=\box41
))
(/usr/local/texlive/2010/texmf-dist/tex/generic/pgf/basiclayer/pgfcorelayers.co
de.tex
File: pgfcorelayers.code.tex 2010/08/27  (rcs-revision 1.2)
)
(/usr/local/texlive/2010/texmf-dist/tex/generic/pgf/basiclayer/pgfcoretranspare
ncy.code.tex
File: pgfcoretransparency.code.tex 2008/01/17  (rcs-revision 1.2)
)
(/usr/local/texlive/2010/texmf-dist/tex/generic/pgf/basiclayer/pgfcorepatterns.
code.tex
File: pgfcorepatterns.code.tex 2009/07/02  (rcs-revision 1.3)
)))
(/usr/local/texlive/2010/texmf-dist/tex/generic/pgf/modules/pgfmoduleshapes.cod
e.tex
File: pgfmoduleshapes.code.tex 2010/09/09  (rcs-revision 1.13)
\pgfnodeparttextbox=\box42
)
(/usr/local/texlive/2010/texmf-dist/tex/generic/pgf/modules/pgfmoduleplot.code.
tex
File: pgfmoduleplot.code.tex 2010/10/22  (rcs-revision 1.8)
)
(/usr/local/texlive/2010/texmf-dist/tex/latex/pgf/compatibility/pgfcomp-version
-0-65.sty
Package: pgfcomp-version-0-65 2007/07/03 v2.10 (rcs-revision 1.7)
\pgf@nodesepstart=\dimen147
\pgf@nodesepend=\dimen148
)
(/usr/local/texlive/2010/texmf-dist/tex/latex/pgf/compatibility/pgfcomp-version
-1-18.sty
Package: pgfcomp-version-1-18 2007/07/23 v2.10 (rcs-revision 1.1)
)) (/usr/local/texlive/2010/texmf-dist/tex/latex/environ/environ.sty
Package: environ 2008/06/18 v0.2 A new way to define environments
)

LaTeX Warning: You have requested, on input line 26, version
               `2013/04/01' of package environ,
               but only version
               `2008/06/18 v0.2 A new way to define environments'
               is available.

(/usr/local/texlive/2010/texmf-dist/tex/latex/etoolbox/etoolbox.sty
Package: etoolbox 2011/01/03 v2.1 e-TeX tools for LaTeX

(/usr/local/texlive/2010/texmf-dist/tex/latex/etex-pkg/etex.sty
Package: etex 1998/03/26 v2.0 eTeX basic definition package (PEB)
\et@xins=\count116
)
\etb@tempcnta=\count117
)
\tcb@titlebox=\box43
\tcb@upperbox=\box44
\tcb@lowerbox=\box45
\tcb@phantombox=\box46
\c@tcbbreakpart=\count118
\c@tcblayer=\count119
\tcb@temp=\box47
\tcb@temp=\box48
\tcb@temp=\box49
\tcb@temp=\box50
\tcb@out=\write4
)
(/usr/local/texlive/2010/texmf-dist/tex/latex/doublestroke/dsfont.sty
Package: dsfont 1995/08/01 v0.1 Double stroke roman fonts
)
(/usr/local/texlive/2010/texmf-dist/tex/latex/multirow/multirow.sty
\bigstrutjot=\dimen149
)
(./boxit.sty)) (./covidplateaus.aux)
\openout1 = `covidplateaus.aux'.

LaTeX Font Info:    Checking defaults for OML/cmm/m/it on input line 12.
LaTeX Font Info:    ... okay on input line 12.
LaTeX Font Info:    Checking defaults for T1/cmr/m/n on input line 12.
LaTeX Font Info:    ... okay on input line 12.
LaTeX Font Info:    Checking defaults for OT1/cmr/m/n on input line 12.
LaTeX Font Info:    ... okay on input line 12.
LaTeX Font Info:    Checking defaults for OMS/cmsy/m/n on input line 12.
LaTeX Font Info:    ... okay on input line 12.
LaTeX Font Info:    Checking defaults for OMX/cmex/m/n on input line 12.
LaTeX Font Info:    ... okay on input line 12.
LaTeX Font Info:    Checking defaults for U/cmr/m/n on input line 12.
LaTeX Font Info:    ... okay on input line 12.
Class revtex4 Info: Patching LaTeX tabular. on input line 12.
Class revtex4 Info: cite was not loaded (OK!) on input line 12.
Class revtex4 Info: multicol was not loaded (OK!) on input line 12.

(/usr/local/texlive/2010/texmf-dist/tex/context/base/supp-pdf.mkii
[Loading MPS to PDF converter (version 2006.09.02).]
\scratchcounter=\count120
\scratchdimen=\dimen150
\scratchbox=\box51
\nofMPsegments=\count121
\nofMParguments=\count122
\everyMPshowfont=\toks32
\MPscratchCnt=\count123
\MPscratchDim=\dimen151
\MPnumerator=\count124
\everyMPtoPDFconversion=\toks33
) (/usr/local/texlive/2010/texmf-dist/tex/generic/oberdiek/pdftexcmds.sty
Package: pdftexcmds 2011/04/22 v0.16 Utilities of pdfTeX for LuaTeX (HO)

(/usr/local/texlive/2010/texmf-dist/tex/generic/oberdiek/ifluatex.sty
Package: ifluatex 2010/03/01 v1.3 Provides the ifluatex switch (HO)
Package ifluatex Info: LuaTeX not detected.
)
(/usr/local/texlive/2010/texmf-dist/tex/generic/oberdiek/ifpdf.sty
Package: ifpdf 2011/01/30 v2.3 Provides the ifpdf switch (HO)
Package ifpdf Info: pdfTeX in PDF mode is detected.
)
Package pdftexcmds Info: LuaTeX not detected.
Package pdftexcmds Info: \pdf@primitive is available.
Package pdftexcmds Info: \pdf@ifprimitive is available.
Package pdftexcmds Info: \pdfdraftmode found.
)
(/usr/local/texlive/2010/texmf-dist/tex/latex/oberdiek/epstopdf-base.sty
Package: epstopdf-base 2010/02/09 v2.5 Base part for package epstopdf

(/usr/local/texlive/2010/texmf-dist/tex/latex/oberdiek/grfext.sty
Package: grfext 2010/08/19 v1.1 Managing graphics extensions (HO)

(/usr/local/texlive/2010/texmf-dist/tex/generic/oberdiek/kvdefinekeys.sty
Package: kvdefinekeys 2011/04/07 v1.3 Defining keys (HO)
))
(/usr/local/texlive/2010/texmf-dist/tex/latex/oberdiek/kvoptions.sty
Package: kvoptions 2010/12/23 v3.10 Keyval support for LaTeX options (HO)

(/usr/local/texlive/2010/texmf-dist/tex/generic/oberdiek/kvsetkeys.sty
Package: kvsetkeys 2011/04/07 v1.13 Key value parser (HO)

(/usr/local/texlive/2010/texmf-dist/tex/generic/oberdiek/etexcmds.sty
Package: etexcmds 2011/02/16 v1.5 Prefix for e-TeX command names (HO)
Package etexcmds Info: Could not find \expanded.
(etexcmds)             That can mean that you are not using pdfTeX 1.50 or
(etexcmds)             that some package has redefined \expanded.
(etexcmds)             In the latter case, load this package earlier.
)))
Package grfext Info: Graphics extension search list:
(grfext)             [.png,.pdf,.jpg,.mps,.jpeg,.jbig2,.jb2,.PNG,.PDF,.JPG,.JPE
G,.JBIG2,.JB2,.eps]
(grfext)             \AppendGraphicsExtensions on input line 452.

(/usr/local/texlive/2010/texmf-dist/tex/latex/latexconfig/epstopdf-sys.cfg
File: epstopdf-sys.cfg 2010/07/13 v1.3 Configuration of (r)epstopdf for TeX Liv
e
))
ABD: EveryShipout initializing macros (./covidplateaus.author.tex)
(./covidplateaus.abs.tex) (./covidplateaus.title.tex)
Underfull \hbox (badness 7722) in paragraph at lines 26--26
$[]$[]\OT1/cmr/m/n/8 Electronic address: $\OT1/cmtt/m/n/8 jsweitz @ gatech . ed
u$\OT1/cmr/m/n/8 ; URL: $\OT1/cmtt/m/n/8 http : / /
 []

(./covidplateaus.sign.tex) (./covidplateaus.body.tex
<deaths/national_deaths_metric_boot.pdf, id=4, 722.7pt x 505.89pt>
File: deaths/national_deaths_metric_boot.pdf Graphic file (type pdf)

<use deaths/national_deaths_metric_boot.pdf>
Package pdftex.def Info: deaths/national_deaths_metric_boot.pdf used on input l
ine 27.
(pdftex.def)             Requested size: 458.99689pt x 321.29832pt.
 [1{/usr/local/texlive/2014/texmf-var/fonts/map/pdftex/updmap/pdftex.map}]

LaTeX Warning: Reference `fig.supp_plateaus' on page 2 undefined on input line 
94.

[2 <./deaths/national_deaths_metric_boot.pdf>]
<schematics/plateau_schematic.pdf, id=46, 641.39626pt x 274.02374pt>
File: schematics/plateau_schematic.pdf Graphic file (type pdf)

<use schematics/plateau_schematic.pdf>
Package pdftex.def Info: schematics/plateau_schematic.pdf used on input line 14
6.
(pdftex.def)             Requested size: 242.25311pt x 103.49455pt.

<scripts/figseir_baseplat_k2_D_noname.pdf, id=47, 568.1225pt x 514.92375pt>
File: scripts/figseir_baseplat_k2_D_noname.pdf Graphic file (type pdf)

<use scripts/figseir_baseplat_k2_D_noname.pdf>
Package pdftex.def Info: scripts/figseir_baseplat_k2_D_noname.pdf used on input
 line 156.
(pdftex.def)             Requested size: 203.99689pt x 184.89311pt.

<scripts/figseir_baseplat_k2_I_noname.pdf, id=48, 588.1975pt x 520.94624pt>
File: scripts/figseir_baseplat_k2_I_noname.pdf Graphic file (type pdf)

<use scripts/figseir_baseplat_k2_I_noname.pdf>
Package pdftex.def Info: scripts/figseir_baseplat_k2_I_noname.pdf used on input
 line 157.
(pdftex.def)             Requested size: 203.99689pt x 180.67258pt.

<scripts/figseir_Speak_k2_noname.pdf, id=49, 566.115pt x 523.9575pt>
File: scripts/figseir_Speak_k2_noname.pdf Graphic file (type pdf)

<use scripts/figseir_Speak_k2_noname.pdf>
Package pdftex.def Info: scripts/figseir_Speak_k2_noname.pdf used on input line
 172.
(pdftex.def)             Requested size: 203.99689pt x 188.80045pt.

<scripts/figseir_Susc_k2_noname.pdf, id=50, 562.1pt x 520.94624pt>
File: scripts/figseir_Susc_k2_noname.pdf Graphic file (type pdf)

<use scripts/figseir_Susc_k2_noname.pdf>
Package pdftex.def Info: scripts/figseir_Susc_k2_noname.pdf used on input line 
173.
(pdftex.def)             Requested size: 203.99689pt x 189.05876pt.
 [3 <./schematics/plateau_schematic.pdf> <./scripts/figseir_baseplat_k2_D_nonam
e.pdf> <./scripts/figseir_baseplat_k2_I_noname.pdf>]

LaTeX Warning: A float is stuck (cannot be placed); try class option [floatfix]
 on input line 207.

[4 <./scripts/figseir_Speak_k2_noname.pdf> <./scripts/figseir_Susc_k2_noname.pd
f>] <scripts/figseir_Hdel_k2_noname.pdf, id=97, 536.0025pt x 400.49625pt>
File: scripts/figseir_Hdel_k2_noname.pdf Graphic file (type pdf)

<use scripts/figseir_Hdel_k2_noname.pdf>
Package pdftex.def Info: scripts/figseir_Hdel_k2_noname.pdf used on input line 
299.
(pdftex.def)             Requested size: 239.70062pt x 179.0972pt.

<scripts/figseir_Hdel_k2D_noname.pdf, id=98, 556.0775pt x 376.40625pt>
File: scripts/figseir_Hdel_k2D_noname.pdf Graphic file (type pdf)

<use scripts/figseir_Hdel_k2D_noname.pdf>
Package pdftex.def Info: scripts/figseir_Hdel_k2D_noname.pdf used on input line
 300.
(pdftex.def)             Requested size: 239.70062pt x 162.25357pt.

<scripts/figseir_Hlong_k2D_noname.pdf, id=99, 556.0775pt x 376.40625pt>
File: scripts/figseir_Hlong_k2D_noname.pdf Graphic file (type pdf)

<use scripts/figseir_Hlong_k2D_noname.pdf>
Package pdftex.def Info: scripts/figseir_Hlong_k2D_noname.pdf used on input lin
e 314.
(pdftex.def)             Requested size: 239.70062pt x 162.25357pt.

<scripts/figseir_Hlong_k2Dtot_noname.pdf, id=100, 553.06625pt x 385.44pt>
File: scripts/figseir_Hlong_k2Dtot_noname.pdf Graphic file (type pdf)

<use scripts/figseir_Hlong_k2Dtot_noname.pdf>
Package pdftex.def Info: scripts/figseir_Hlong_k2Dtot_noname.pdf used on input 
line 315.
(pdftex.def)             Requested size: 239.70062pt x 167.0475pt.
 [5 <./scripts/figseir_Hdel_k2_noname.pdf> <./scripts/figseir_Hdel_k2D_noname.p
df> <./scripts/figseir_Hlong_k2D_noname.pdf> <./scripts/figseir_Hlong_k2Dtot_no
name.pdf>]
<national_deaths_metric_phase_pca_grand.pdf, id=123, 578.16pt x 578.16pt>
File: national_deaths_metric_phase_pca_grand.pdf Graphic file (type pdf)

<use national_deaths_metric_phase_pca_grand.pdf>
Package pdftex.def Info: national_deaths_metric_phase_pca_grand.pdf used on inp
ut line 428.
(pdftex.def)             Requested size: 255.0pt x 254.9999pt.

<figseir_phase2_noname.pdf, id=124, 544.0325pt x 378.41376pt>
File: figseir_phase2_noname.pdf Graphic file (type pdf)

<use figseir_phase2_noname.pdf>
Package pdftex.def Info: figseir_phase2_noname.pdf used on input line 429.
(pdftex.def)             Requested size: 165.74844pt x 115.29187pt.

<figseir_phase2_statefix_noname.pdf, id=125, 541.02126pt x 372.39125pt>
File: figseir_phase2_statefix_noname.pdf Graphic file (type pdf)

<use figseir_phase2_statefix_noname.pdf>
Package pdftex.def Info: figseir_phase2_statefix_noname.pdf used on input line 
430.
(pdftex.def)             Requested size: 165.74844pt x 114.08203pt.

<figseir_phase2_state_noname.pdf, id=126, 541.02126pt x 372.39125pt>
File: figseir_phase2_state_noname.pdf Graphic file (type pdf)

<use figseir_phase2_state_noname.pdf>
Package pdftex.def Info: figseir_phase2_state_noname.pdf used on input line 431
.
(pdftex.def)             Requested size: 165.74844pt x 114.08203pt.

Underfull \hbox (badness 10000) in paragraph at lines 389--459
[]\OT1/cmr/m/n/10 Epidemic mod-els with behav-ior sug-gest that
 []


Underfull \hbox (badness 1990) in paragraph at lines 389--459
\OT1/cmr/m/n/10 awareness-driven dis-tanc-ing under-lies the degree of
 []


Underfull \hbox (badness 1127) in paragraph at lines 389--459
\OT1/cmr/m/n/10 we find that aggre-gat-ed rates of mobil-i-ty typ-i-cal-ly
 []

[6]
Underfull \hbox (badness 1275) in paragraph at lines 546--583
\OT1/cmr/m/n/10 COVID-19, includ-ing slow declines and plateau-like
 []

[7 <./deaths/national_deaths_metric_phase_pca_grand.pdf> <./scripts/figseir_pha
se2_noname.pdf> <./scripts/figseir_phase2_statefix_noname.pdf> <./scripts/figse
ir_phase2_state_noname.pdf>]) (./covidplateaus.acknowledge.tex
Underfull \hbox (badness 2181) in paragraph at lines 1--6
\OT1/cmr/bx/n/10 Data avail-abil-i-ty\OT1/cmr/m/n/10 : All sim-u-la-tion codes,
 fig-ures,
 []


Underfull \hbox (badness 10000) in paragraph at lines 1--6
\OT1/cmr/m/n/10 are avail-able at $\OT1/cmtt/m/n/10 https : / / github . com / 
jsweitz /
 []

)
Underfull \hbox (badness 1033) in paragraph at lines 7--35
\OT1/cmr/m/n/10 (1R01AI46592-01), and Nation-al Sci-ence Foun-da-tion
 []

(./covidplateaus.biblio.tex (./covidplateaus.bbl
Underfull \hbox (badness 3724) in paragraph at lines 16--21
 \OT1/cmr/m/n/9 health-care demand.  $\OT1/cmtt/m/n/9 https : / / www . imperia
l . ac . uk /
 []


Underfull \hbox (badness 10000) in paragraph at lines 16--21
 \OT1/cmtt/m/n/9 mrc-[]global-[]infectious-[]disease-[]analysis / covid-[]19 /
 []


Underfull \hbox (badness 1087) in paragraph at lines 35--42
 []\OT1/cmr/m/n/9 Park SW, et al.  (2020) Rec-on-cil-ing early-outbreak
 []


Underfull \hbox (badness 1360) in paragraph at lines 35--42
 \OT1/cmr/m/n/9 esti-mates of the basic repro-duc-tive num-ber and its
 []


Underfull \hbox (badness 5970) in paragraph at lines 35--42
 \OT1/cmr/m/n/9 el coro-n-avirus (SARS-CoV-2) out-break.  \OT1/cmr/m/it/9 medRx
-
 []

)) (./covidplateaus.appendix.tex
<scripts/figseir_Speak_k1_noname.pdf, id=170, 566.115pt x 540.0175pt>
File: scripts/figseir_Speak_k1_noname.pdf Graphic file (type pdf)

<use scripts/figseir_Speak_k1_noname.pdf>
Package pdftex.def Info: scripts/figseir_Speak_k1_noname.pdf used on input line
 6.
(pdftex.def)             Requested size: 203.99689pt x 194.58742pt.

<scripts/figseir_Susc_k1_noname.pdf, id=171, 562.1pt x 540.0175pt>
File: scripts/figseir_Susc_k1_noname.pdf Graphic file (type pdf)

<use scripts/figseir_Susc_k1_noname.pdf>
Package pdftex.def Info: scripts/figseir_Susc_k1_noname.pdf used on input line 
8.
(pdftex.def)             Requested size: 203.99689pt x 195.97998pt.

<scripts/figseir_Speak_k4_noname.pdf, id=172, 566.115pt x 540.0175pt>
File: scripts/figseir_Speak_k4_noname.pdf Graphic file (type pdf)

<use scripts/figseir_Speak_k4_noname.pdf>
Package pdftex.def Info: scripts/figseir_Speak_k4_noname.pdf used on input line
 9.
(pdftex.def)             Requested size: 203.99689pt x 194.58742pt.

<scripts/figseir_Susc_k4_noname.pdf, id=173, 562.1pt x 540.0175pt>
File: scripts/figseir_Susc_k4_noname.pdf Graphic file (type pdf)

<use scripts/figseir_Susc_k4_noname.pdf>
Package pdftex.def Info: scripts/figseir_Susc_k4_noname.pdf used on input line 
11.
(pdftex.def)             Requested size: 203.99689pt x 195.97998pt.

<scripts/figseir_Hdel_k1_noname.pdf, id=174, 536.0025pt x 401.5pt>
File: scripts/figseir_Hdel_k1_noname.pdf Graphic file (type pdf)

<use scripts/figseir_Hdel_k1_noname.pdf>
Package pdftex.def Info: scripts/figseir_Hdel_k1_noname.pdf used on input line 
28.
(pdftex.def)             Requested size: 203.99689pt x 152.80438pt.

<scripts/figseir_Hdel_k1D_noname.pdf, id=175, 556.0775pt x 401.5pt>
File: scripts/figseir_Hdel_k1D_noname.pdf Graphic file (type pdf)

<use scripts/figseir_Hdel_k1D_noname.pdf>
Package pdftex.def Info: scripts/figseir_Hdel_k1D_noname.pdf used on input line
 30.
(pdftex.def)             Requested size: 203.99689pt x 147.29063pt.

<scripts/figseir_Hdel_k4_noname.pdf, id=176, 536.0025pt x 401.5pt>
File: scripts/figseir_Hdel_k4_noname.pdf Graphic file (type pdf)

<use scripts/figseir_Hdel_k4_noname.pdf>
Package pdftex.def Info: scripts/figseir_Hdel_k4_noname.pdf used on input line 
31.
(pdftex.def)             Requested size: 203.99689pt x 152.80438pt.

<scripts/figseir_Hdel_k4D_noname.pdf, id=177, 556.0775pt x 401.5pt>
File: scripts/figseir_Hdel_k4D_noname.pdf Graphic file (type pdf)

<use scripts/figseir_Hdel_k4D_noname.pdf>
Package pdftex.def Info: scripts/figseir_Hdel_k4D_noname.pdf used on input line
 33.
(pdftex.def)             Requested size: 203.99689pt x 147.29063pt.
) [8] [9 <./scripts/figseir_Speak_k1_noname.pdf> <./scripts/figseir_Susc_k1_non
ame.pdf> <./scripts/figseir_Speak_k4_noname.pdf> <./scripts/figseir_Susc_k4_non
ame.pdf>] [10 <./scripts/figseir_Hdel_k1_noname.pdf> <./scripts/figseir_Hdel_k1
D_noname.pdf> <./scripts/figseir_Hdel_k4_noname.pdf> <./scripts/figseir_Hdel_k4
D_noname.pdf>] (./covidplateaus.aux)

LaTeX Warning: There were undefined references.

 ) 
Here is how much of TeX's memory you used:
 11673 strings out of 493117
 205337 string characters out of 6135433
 292068 words of memory out of 5000000
 14832 multiletter control sequences out of 15000+600000
 10268 words of font info for 38 fonts, out of 8000000 for 9000
 1141 hyphenation exceptions out of 8191
 57i,11n,73p,1344b,352s stack positions out of 5000i,500n,10000p,200000b,80000s
</usr/local/texlive/2014/texmf-dist/fonts/type1/public/amsfonts/cm/cmbx10.pfb
></usr/local/texlive/2014/texmf-dist/fonts/type1/public/amsfonts/cm/cmbx12.pfb>
</usr/local/texlive/2014/texmf-dist/fonts/type1/public/amsfonts/cm/cmbx9.pfb></
usr/local/texlive/2014/texmf-dist/fonts/type1/public/amsfonts/cm/cmex10.pfb></u
sr/local/texlive/2014/texmf-dist/fonts/type1/public/amsfonts/cmextra/cmex9.pfb>
</usr/local/texlive/2014/texmf-dist/fonts/type1/public/amsfonts/cm/cmmi10.pfb><
/usr/local/texlive/2014/texmf-dist/fonts/type1/public/amsfonts/cm/cmmi5.pfb></u
sr/local/texlive/2014/texmf-dist/fonts/type1/public/amsfonts/cm/cmmi6.pfb></usr
/local/texlive/2014/texmf-dist/fonts/type1/public/amsfonts/cm/cmmi7.pfb></usr/l
ocal/texlive/2014/texmf-dist/fonts/type1/public/amsfonts/cm/cmmi9.pfb></usr/loc
al/texlive/2014/texmf-dist/fonts/type1/public/amsfonts/cm/cmr10.pfb></usr/local
/texlive/2014/texmf-dist/fonts/type1/public/amsfonts/cm/cmr6.pfb></usr/local/te
xlive/2014/texmf-dist/fonts/type1/public/amsfonts/cm/cmr7.pfb></usr/local/texli
ve/2014/texmf-dist/fonts/type1/public/amsfonts/cm/cmr8.pfb></usr/local/texlive/
2014/texmf-dist/fonts/type1/public/amsfonts/cm/cmr9.pfb></usr/local/texlive/201
4/texmf-dist/fonts/type1/public/amsfonts/cm/cmsy10.pfb></usr/local/texlive/2014
/texmf-dist/fonts/type1/public/amsfonts/cm/cmsy6.pfb></usr/local/texlive/2014/t
exmf-dist/fonts/type1/public/amsfonts/cm/cmsy7.pfb></usr/local/texlive/2014/tex
mf-dist/fonts/type1/public/amsfonts/cm/cmsy9.pfb></usr/local/texlive/2014/texmf
-dist/fonts/type1/public/amsfonts/cm/cmti10.pfb></usr/local/texlive/2014/texmf-
dist/fonts/type1/public/amsfonts/cm/cmti7.pfb></usr/local/texlive/2014/texmf-di
st/fonts/type1/public/amsfonts/cm/cmti9.pfb></usr/local/texlive/2014/texmf-dist
/fonts/type1/public/amsfonts/cm/cmtt10.pfb></usr/local/texlive/2014/texmf-dist/
fonts/type1/public/amsfonts/cm/cmtt8.pfb></usr/local/texlive/2014/texmf-dist/fo
nts/type1/public/amsfonts/cm/cmtt9.pfb>
Output written on covidplateaus.pdf (10 pages, 3557644 bytes).
PDF statistics:
 306 PDF objects out of 1000 (max. 8388607)
 218 compressed objects within 3 object streams
 0 named destinations out of 1000 (max. 500000)
 123 words of extra memory for PDF output out of 10000 (max. 10000000)

